<?xml version="1.0" encoding="UTF-8"?>
<!-- Generated by org.testng.reporters.JUnitXMLReporter -->
<testsuite ignored="0" hostname="DESKTOP-2AKMAL0" failures="0" tests="3" name="Default test" time="0.069" errors="0" timestamp="2023-08-07T23:51:49 IST">
  <testcase classname="test1.Testng12" name="@BeforeTest LaunchBrowser" time="-1.691432509089E9">
    <failure type="org.testng.TestNGException" message="
Parameter &amp;apos;browserName&amp;apos; is required by BeforeTest on method LaunchBrowser but has not been marked @Optional or defined
in C:\Users\Dell\AppData\Local\Temp\testng-eclipse--176541057\testng-customsuite.xml">
      <![CDATA[org.testng.TestNGException: 
Parameter 'browserName' is required by BeforeTest on method LaunchBrowser but has not been marked @Optional or defined
in C:\Users\Dell\AppData\Local\Temp\testng-eclipse--176541057\testng-customsuite.xml
at org.testng.internal.Parameters.createParams(Parameters.java:270)
at org.testng.internal.Parameters.createParametersForMethod(Parameters.java:358)
at org.testng.internal.Parameters.createParameters(Parameters.java:700)
at org.testng.internal.Parameters.createConfigurationParameters(Parameters.java:168)
at org.testng.internal.ConfigInvoker.invokeConfigurations(ConfigInvoker.java:302)
at org.testng.TestRunner.invokeTestConfigurations(TestRunner.java:637)
at org.testng.TestRunner.beforeRun(TestRunner.java:627)
at org.testng.TestRunner.run(TestRunner.java:589)
at org.testng.SuiteRunner.runTest(SuiteRunner.java:377)
at org.testng.SuiteRunner.runSequentially(SuiteRunner.java:371)
at org.testng.SuiteRunner.privateRun(SuiteRunner.java:332)
at org.testng.SuiteRunner.run(SuiteRunner.java:276)
at org.testng.SuiteRunnerWorker.runSuite(SuiteRunnerWorker.java:53)
at org.testng.SuiteRunnerWorker.run(SuiteRunnerWorker.java:96)
at org.testng.TestNG.runSuitesSequentially(TestNG.java:1212)
at org.testng.TestNG.runSuitesLocally(TestNG.java:1134)
at org.testng.TestNG.runSuites(TestNG.java:1063)
at org.testng.TestNG.run(TestNG.java:1031)
at org.testng.remote.AbstractRemoteTestNG.run(AbstractRemoteTestNG.java:115)
at org.testng.remote.RemoteTestNG.initAndRun(RemoteTestNG.java:251)
at org.testng.remote.RemoteTestNG.main(RemoteTestNG.java:77)
]]>
    </failure>
  </testcase> <!-- @BeforeTest LaunchBrowser -->
  <testcase classname="test1.Testng12" name="@BeforeClass createPOMobjects" time="-1.69143250911E9">
    <skipped/>
  </testcase> <!-- @BeforeClass createPOMobjects -->
  <testcase classname="test1.Testng12" name="@BeforeMethod LoginTOaApplication" time="-1.69143250912E9">
    <skipped/>
  </testcase> <!-- @BeforeMethod LoginTOaApplication -->
  <testcase classname="test1.Testng12" name="@AfterMethod LogoutFromApplication" time="-1.691432509133E9">
    <skipped/>
  </testcase> <!-- @AfterMethod LogoutFromApplication -->
  <testcase classname="test1.Testng12" name="@BeforeMethod LoginTOaApplication" time="-1.691432509137E9">
    <skipped/>
  </testcase> <!-- @BeforeMethod LoginTOaApplication -->
  <testcase classname="test1.Testng12" name="@AfterMethod LogoutFromApplication" time="-1.691432509141E9">
    <skipped/>
  </testcase> <!-- @AfterMethod LogoutFromApplication -->
  <testcase classname="test1.Testng12" name="@BeforeMethod LoginTOaApplication" time="-1.691432509142E9">
    <skipped/>
  </testcase> <!-- @BeforeMethod LoginTOaApplication -->
  <testcase classname="test1.Testng12" name="@AfterMethod LogoutFromApplication" time="-1.691432509146E9">
    <skipped/>
  </testcase> <!-- @AfterMethod LogoutFromApplication -->
  <testcase classname="test1.Testng12" name="@AfterClass ClearObject" time="-1.691432509149E9">
    <skipped/>
  </testcase> <!-- @AfterClass ClearObject -->
  <testcase classname="test1.Testng12" name="@AfterTest ClosedBrowser" time="-1.691432509152E9">
    <skipped/>
  </testcase> <!-- @AfterTest ClosedBrowser -->
  <testcase classname="test1.Testng12" name="TestC" time="0.0">
    <skipped/>
  </testcase> <!-- TestC -->
  <testcase classname="test1.Testng12" name="ToVerifyTheReportButton" time="0.0">
    <skipped/>
  </testcase> <!-- ToVerifyTheReportButton -->
  <testcase classname="test1.Testng12" name="ToVerifyTheTaskButton" time="0.0">
    <skipped/>
  </testcase> <!-- ToVerifyTheTaskButton -->
</testsuite> <!-- Default test -->
