<?xml version="1.0" encoding="UTF-8"?>
<!-- Generated by org.testng.reporters.JUnitXMLReporter -->
<testsuite ignored="2" hostname="DESKTOP-2AKMAL0" failures="1" tests="1" name="FirefoxBrowser" time="12.508" errors="0" timestamp="2023-08-07T17:33:30 IST">
  <testcase classname="test1.Testng12" name="@AfterMethod LogoutFromApplication" time="0.139">
    <failure type="java.io.FileNotFoundException" message="C:\Users\Dell\eclipse-workspace\Amazonwork\test-output\ScreensShots\Screenshot\testid.png (The system cannot find the path specified)">
      <![CDATA[java.io.FileNotFoundException: C:\Users\Dell\eclipse-workspace\Amazonwork\test-output\ScreensShots\Screenshot\testid.png (The system cannot find the path specified)
at java.base/java.io.FileOutputStream.open0(Native Method)
at java.base/java.io.FileOutputStream.open(FileOutputStream.java:295)
at java.base/java.io.FileOutputStream.<init>(FileOutputStream.java:236)
at java.base/java.io.FileOutputStream.<init>(FileOutputStream.java:185)
at org.openqa.selenium.io.FileHandler.copyFile(FileHandler.java:138)
at org.openqa.selenium.io.FileHandler.copy(FileHandler.java:117)
at util.Utilityclass.capture(Utilityclass.java:31)
at test1.Testng12.LogoutFromApplication(Testng12.java:137)
at java.base/java.util.ArrayList.forEach(ArrayList.java:1511)
at java.base/java.util.concurrent.FutureTask.run(FutureTask.java:317)
at java.base/java.util.concurrent.ThreadPoolExecutor.runWorker(ThreadPoolExecutor.java:1144)
at java.base/java.util.concurrent.ThreadPoolExecutor$Worker.run(ThreadPoolExecutor.java:642)
at java.base/java.lang.Thread.run(Thread.java:1623)
... Removed 21 stack frames]]>
    </failure>
  </testcase> <!-- @AfterMethod LogoutFromApplication -->
  <testcase classname="test1.Testng12" name="@AfterClass ClearObject" time="-1.691409810535E9">
    <skipped/>
  </testcase> <!-- @AfterClass ClearObject -->
  <testcase classname="test1.Testng12" name="@AfterTest ClosedBrowser" time="-1.691409810554E9">
    <skipped/>
  </testcase> <!-- @AfterTest ClosedBrowser -->
  <testcase classname="test1.Testng12" name="ToVerifyTheTaskButton" time="3.335">
    <failure type="java.lang.AssertionError" message="The following asserts failed:
	expected [https://online.actitime.com/moralix/tasks/tasklist.d] but found [https://online.actitime.com/moralix/tasks/tasklist.do]">
      <![CDATA[java.lang.AssertionError: The following asserts failed:
expected [https://online.actitime.com/moralix/tasks/tasklist.d] but found [https://online.actitime.com/moralix/tasks/tasklist.do]
at test1.Testng12.ToVerifyTheTaskButton(Testng12.java:101)
at java.base/java.util.ArrayList.forEach(ArrayList.java:1511)
at java.base/java.util.concurrent.FutureTask.run(FutureTask.java:317)
at java.base/java.util.concurrent.ThreadPoolExecutor.runWorker(ThreadPoolExecutor.java:1144)
at java.base/java.util.concurrent.ThreadPoolExecutor$Worker.run(ThreadPoolExecutor.java:642)
at java.base/java.lang.Thread.run(Thread.java:1623)
... Removed 18 stack frames]]>
    </failure>
  </testcase> <!-- ToVerifyTheTaskButton -->
  <testcase classname="test1.Testng12" name="TestC" time="0.0">
    <ignored/>
  </testcase> <!-- TestC -->
  <testcase classname="test1.Testng12" name="ToVerifyTheReportButton" time="0.0">
    <ignored/>
  </testcase> <!-- ToVerifyTheReportButton -->
</testsuite> <!-- FirefoxBrowser -->
